  VolumetricRendering.cpp
c:\users\pierak1\dropbox\second semester\graphics\volumetricrendering\volumetricrendering\VoxelBuffer.h(26): warning C4091: 'typedef ' : ignored on left of 'buffer' when no variable is declared
c:\users\pierak1\dropbox\second semester\graphics\volumetricrendering\volumetricrendering\VoxelBuffer.h(85): warning C4244: 'argument' : conversion from 'int' to 'float', possible loss of data
c:\users\pierak1\dropbox\second semester\graphics\volumetricrendering\volumetricrendering\Camera.h(19): warning C4305: 'initializing' : truncation from 'double' to 'const float'
c:\users\pierak1\dropbox\second semester\graphics\volumetricrendering\volumetricrendering\Camera.h(43): warning C4101: 'num' : unreferenced local variable
c:\users\pierak1\dropbox\second semester\graphics\volumetricrendering\volumetricrendering\VolumetricRendering.h(26): warning C4244: 'argument' : conversion from 'float' to 'int', possible loss of data
VolumetricRendering.cpp(108): warning C4244: 'argument' : conversion from 'float' to 'int', possible loss of data
VolumetricRendering.cpp(108): warning C4244: '=' : conversion from 'float' to 'ebmpBYTE', possible loss of data
VolumetricRendering.cpp(109): warning C4244: 'argument' : conversion from 'float' to 'int', possible loss of data
VolumetricRendering.cpp(109): warning C4244: '=' : conversion from 'float' to 'ebmpBYTE', possible loss of data
VolumetricRendering.cpp(110): warning C4244: 'argument' : conversion from 'float' to 'int', possible loss of data
VolumetricRendering.cpp(110): warning C4244: '=' : conversion from 'float' to 'ebmpBYTE', possible loss of data
VolumetricRendering.cpp(124): warning C4244: 'initializing' : conversion from 'float' to 'int', possible loss of data
  VoxelBuffer.cpp
c:\users\pierak1\dropbox\second semester\graphics\volumetricrendering\volumetricrendering\VoxelBuffer.h(26): warning C4091: 'typedef ' : ignored on left of 'buffer' when no variable is declared
c:\users\pierak1\dropbox\second semester\graphics\volumetricrendering\volumetricrendering\VoxelBuffer.h(85): warning C4244: 'argument' : conversion from 'int' to 'float', possible loss of data
VoxelBuffer.cpp(25): warning C4244: 'initializing' : conversion from 'const float' to 'int', possible loss of data
VoxelBuffer.cpp(26): warning C4244: 'initializing' : conversion from 'const float' to 'int', possible loss of data
VoxelBuffer.cpp(27): warning C4244: 'initializing' : conversion from 'const float' to 'int', possible loss of data
VoxelBuffer.cpp(34): warning C4244: 'initializing' : conversion from 'const float' to 'int', possible loss of data
VoxelBuffer.cpp(35): warning C4244: 'initializing' : conversion from 'const float' to 'int', possible loss of data
VoxelBuffer.cpp(36): warning C4244: 'initializing' : conversion from 'const float' to 'int', possible loss of data
VoxelBuffer.cpp(42): warning C4244: 'initializing' : conversion from 'const float' to 'int', possible loss of data
VoxelBuffer.cpp(43): warning C4244: 'initializing' : conversion from 'const float' to 'int', possible loss of data
VoxelBuffer.cpp(44): warning C4244: 'initializing' : conversion from 'const float' to 'int', possible loss of data
VoxelBuffer.cpp(50): warning C4244: 'initializing' : conversion from 'const float' to 'int', possible loss of data
VoxelBuffer.cpp(51): warning C4244: 'initializing' : conversion from 'const float' to 'int', possible loss of data
VoxelBuffer.cpp(52): warning C4244: 'initializing' : conversion from 'const float' to 'int', possible loss of data
  main.cpp
c:\users\pierak1\dropbox\second semester\graphics\volumetricrendering\volumetricrendering\Camera.h(19): warning C4305: 'initializing' : truncation from 'double' to 'const float'
c:\users\pierak1\dropbox\second semester\graphics\volumetricrendering\volumetricrendering\Camera.h(43): warning C4101: 'num' : unreferenced local variable
c:\users\pierak1\dropbox\second semester\graphics\volumetricrendering\volumetricrendering\VoxelBuffer.h(26): warning C4091: 'typedef ' : ignored on left of 'buffer' when no variable is declared
c:\users\pierak1\dropbox\second semester\graphics\volumetricrendering\volumetricrendering\VoxelBuffer.h(85): warning C4244: 'argument' : conversion from 'int' to 'float', possible loss of data
c:\users\pierak1\dropbox\second semester\graphics\volumetricrendering\volumetricrendering\VolumetricRendering.h(26): warning C4244: 'argument' : conversion from 'float' to 'int', possible loss of data
  Generating code
  Finished generating code
  VolumetricRendering.vcxproj -> C:\Users\PIERAK1\Dropbox\Second Semester\Graphics\VolumetricRendering\Release\VolumetricRendering.exe
