  main.cpp
c:\users\pierak1\dropbox\second semester\graphics\volumetricrendering\volumetricrendering\camera.h(19): warning C4305: 'initializing' : truncation from 'double' to 'const float'
c:\users\pierak1\dropbox\second semester\graphics\volumetricrendering\volumetricrendering\camera.h(30): warning C4244: '=' : conversion from 'int' to 'float', possible loss of data
c:\users\pierak1\dropbox\second semester\graphics\volumetricrendering\volumetricrendering\camera.h(31): warning C4244: '=' : conversion from 'int' to 'float', possible loss of data
c:\users\pierak1\dropbox\second semester\graphics\volumetricrendering\volumetricrendering\camera.h(32): warning C4244: '=' : conversion from 'int' to 'float', possible loss of data
c:\users\pierak1\dropbox\second semester\graphics\volumetricrendering\volumetricrendering\camera.h(78): warning C4244: 'argument' : conversion from 'float' to 'int', possible loss of data
c:\users\pierak1\dropbox\second semester\graphics\volumetricrendering\volumetricrendering\voxelbuffer.h(28): warning C4091: 'typedef ' : ignored on left of 'buffer' when no variable is declared
c:\users\pierak1\dropbox\second semester\graphics\volumetricrendering\volumetricrendering\voxelbuffer.h(87): warning C4244: 'argument' : conversion from 'int' to 'float', possible loss of data
c:\users\pierak1\dropbox\second semester\graphics\volumetricrendering\volumetricrendering\voxelbuffer.h(71): warning C4101: 'loc3' : unreferenced local variable
c:\users\pierak1\dropbox\second semester\graphics\volumetricrendering\volumetricrendering\voxelbuffer.h(71): warning C4101: 'loc1' : unreferenced local variable
c:\users\pierak1\dropbox\second semester\graphics\volumetricrendering\volumetricrendering\voxelbuffer.h(71): warning C4101: 'loc2' : unreferenced local variable
c:\users\pierak1\dropbox\second semester\graphics\volumetricrendering\volumetricrendering\volumetricrendering.h(26): warning C4244: 'argument' : conversion from 'float' to 'int', possible loss of data
  VolumetricRendering.cpp
c:\users\pierak1\dropbox\second semester\graphics\volumetricrendering\volumetricrendering\voxelbuffer.h(28): warning C4091: 'typedef ' : ignored on left of 'buffer' when no variable is declared
c:\users\pierak1\dropbox\second semester\graphics\volumetricrendering\volumetricrendering\voxelbuffer.h(87): warning C4244: 'argument' : conversion from 'int' to 'float', possible loss of data
c:\users\pierak1\dropbox\second semester\graphics\volumetricrendering\volumetricrendering\voxelbuffer.h(71): warning C4101: 'loc3' : unreferenced local variable
c:\users\pierak1\dropbox\second semester\graphics\volumetricrendering\volumetricrendering\voxelbuffer.h(71): warning C4101: 'loc1' : unreferenced local variable
c:\users\pierak1\dropbox\second semester\graphics\volumetricrendering\volumetricrendering\voxelbuffer.h(71): warning C4101: 'loc2' : unreferenced local variable
c:\users\pierak1\dropbox\second semester\graphics\volumetricrendering\volumetricrendering\camera.h(19): warning C4305: 'initializing' : truncation from 'double' to 'const float'
c:\users\pierak1\dropbox\second semester\graphics\volumetricrendering\volumetricrendering\camera.h(30): warning C4244: '=' : conversion from 'int' to 'float', possible loss of data
c:\users\pierak1\dropbox\second semester\graphics\volumetricrendering\volumetricrendering\camera.h(31): warning C4244: '=' : conversion from 'int' to 'float', possible loss of data
c:\users\pierak1\dropbox\second semester\graphics\volumetricrendering\volumetricrendering\camera.h(32): warning C4244: '=' : conversion from 'int' to 'float', possible loss of data
c:\users\pierak1\dropbox\second semester\graphics\volumetricrendering\volumetricrendering\camera.h(78): warning C4244: 'argument' : conversion from 'float' to 'int', possible loss of data
c:\users\pierak1\dropbox\second semester\graphics\volumetricrendering\volumetricrendering\volumetricrendering.h(26): warning C4244: 'argument' : conversion from 'float' to 'int', possible loss of data
c:\users\pierak1\dropbox\second semester\graphics\volumetricrendering\volumetricrendering\volumetricrendering.cpp(28): warning C4244: '=' : conversion from 'int' to 'float', possible loss of data
c:\users\pierak1\dropbox\second semester\graphics\volumetricrendering\volumetricrendering\volumetricrendering.cpp(29): warning C4244: '=' : conversion from 'int' to 'float', possible loss of data
c:\users\pierak1\dropbox\second semester\graphics\volumetricrendering\volumetricrendering\volumetricrendering.cpp(30): warning C4244: '=' : conversion from 'int' to 'float', possible loss of data
c:\users\pierak1\dropbox\second semester\graphics\volumetricrendering\volumetricrendering\volumetricrendering.cpp(52): warning C4244: '=' : conversion from 'int' to 'float', possible loss of data
c:\users\pierak1\dropbox\second semester\graphics\volumetricrendering\volumetricrendering\volumetricrendering.cpp(53): warning C4244: '=' : conversion from 'int' to 'float', possible loss of data
c:\users\pierak1\dropbox\second semester\graphics\volumetricrendering\volumetricrendering\volumetricrendering.cpp(54): warning C4244: '=' : conversion from 'int' to 'float', possible loss of data
c:\users\pierak1\dropbox\second semester\graphics\volumetricrendering\volumetricrendering\volumetricrendering.cpp(83): warning C4244: '=' : conversion from 'int' to 'float', possible loss of data
c:\users\pierak1\dropbox\second semester\graphics\volumetricrendering\volumetricrendering\volumetricrendering.cpp(84): warning C4244: '=' : conversion from 'int' to 'float', possible loss of data
c:\users\pierak1\dropbox\second semester\graphics\volumetricrendering\volumetricrendering\volumetricrendering.cpp(85): warning C4244: '=' : conversion from 'int' to 'float', possible loss of data
c:\users\pierak1\dropbox\second semester\graphics\volumetricrendering\volumetricrendering\volumetricrendering.cpp(153): warning C4244: 'argument' : conversion from 'float' to 'int', possible loss of data
c:\users\pierak1\dropbox\second semester\graphics\volumetricrendering\volumetricrendering\volumetricrendering.cpp(153): warning C4244: '=' : conversion from 'float' to 'ebmpBYTE', possible loss of data
c:\users\pierak1\dropbox\second semester\graphics\volumetricrendering\volumetricrendering\volumetricrendering.cpp(154): warning C4244: 'argument' : conversion from 'float' to 'int', possible loss of data
c:\users\pierak1\dropbox\second semester\graphics\volumetricrendering\volumetricrendering\volumetricrendering.cpp(154): warning C4244: '=' : conversion from 'float' to 'ebmpBYTE', possible loss of data
c:\users\pierak1\dropbox\second semester\graphics\volumetricrendering\volumetricrendering\volumetricrendering.cpp(155): warning C4244: 'argument' : conversion from 'float' to 'int', possible loss of data
c:\users\pierak1\dropbox\second semester\graphics\volumetricrendering\volumetricrendering\volumetricrendering.cpp(155): warning C4244: '=' : conversion from 'float' to 'ebmpBYTE', possible loss of data
c:\users\pierak1\dropbox\second semester\graphics\volumetricrendering\volumetricrendering\volumetricrendering.cpp(169): warning C4244: 'initializing' : conversion from 'float' to 'int', possible loss of data
  Generating Code...
  Skipping... (no relevant changes detected)
  VoxelBuffer.cpp
  VolumetricRendering.vcxproj -> C:\Users\PIERAK1\Dropbox\Second Semester\Graphics\VolumetricRendering\Debug\VolumetricRendering.exe
